Arguments: 
  C:\Program Files\nodejs\node.exe C:\Users\Vishal\AppData\Roaming\npm\node_modules\yarn\bin\yarn.js run def

PATH: 
  C:\Python39\Scripts\;C:\Python39\;C:\Program Files\Common Files\Oracle\Java\javapath;C:\Windows\system32;C:\Windows;C:\Windows\System32\Wbem;C:\Windows\System32\WindowsPowerShell\v1.0\;C:\Windows\System32\OpenSSH\;C:\Program Files\NVIDIA Corporation\NVIDIA NvDLISR;C:\MinGW\bin;C:\Program Files\MATLAB\R2016a\runtime\win64;C:\Program Files\MATLAB\R2016a\bin;C:\Program Files\MATLAB\R2016a\polyspace\bin;C:\Program Files\Git\cmd;C:\WINDOWS\system32;C:\WINDOWS;C:\WINDOWS\System32\Wbem;C:\WINDOWS\System32\WindowsPowerShell\v1.0\;C:\WINDOWS\System32\OpenSSH\;C:\Program Files\Microsoft SQL Server\130\Tools\Binn\;C:\Program Files\Microsoft SQL Server\Client SDK\ODBC\170\Tools\Binn\;C:\Program Files\Microsoft SQL Server\Client SDK\ODBC\110\Tools\Binn\;C:\Program Files (x86)\Microsoft SQL Server\120\Tools\Binn\;C:\Program Files\Microsoft SQL Server\120\Tools\Binn\;C:\Program Files\Microsoft SQL Server\120\DTS\Binn\;C:\Program Files (x86)\Windows Kits\8.1\Windows Performance Toolkit\;C:\Program Files\dotnet\;D:\opencv\build\x64\vc15\bin;C:\Program Files\Java\jdk-16.0.2\bin;C:\Program Files\nodejs\;C:\WINDOWS\system32;C:\WINDOWS;C:\WINDOWS\System32\Wbem;C:\WINDOWS\System32\WindowsPowerShell\v1.0\;C:\WINDOWS\System32\OpenSSH\;C:\Program Files\Amazon\AWSCLIV2\;C:\Program Files\Docker\Docker\resources\bin;C:\Program Files\MySQL\MySQL Server 8.0\bin;D:\System\PostreSQL\bin;C:\Program Files\Amazon\AWSSAMCLI\bin\;C:\Program Files\MySQL\MySQL Shell 8.0\bin\;C:\Users\Vishal\AppData\Local\Microsoft\WindowsApps;D:\System\opencv\build\x64\vc15\bin;C:\Users\Vishal\AppData\Roaming\npm;D:\System\mongosh-1.8.0-win32-x64\mongosh-1.8.0-win32-x64\bin;C:\Users\Vishal\AppData\Local\Programs\Microsoft VS Code\bin

Yarn version: 
  1.22.19

Node version: 
  16.17.0

Platform: 
  win32 x64

Trace: 
  SyntaxError: C:\Users\Vishal\Documents\E-bay (Serverless)\product_service\package.json: Unexpected token P in JSON at position 293
      at JSON.parse (<anonymous>)
      at C:\Users\Vishal\AppData\Roaming\npm\node_modules\yarn\lib\cli.js:1629:59
      at Generator.next (<anonymous>)
      at step (C:\Users\Vishal\AppData\Roaming\npm\node_modules\yarn\lib\cli.js:310:30)
      at C:\Users\Vishal\AppData\Roaming\npm\node_modules\yarn\lib\cli.js:321:13

npm manifest: 
  {
    "name": "product_service",
    "version": "0.1.0",
    "bin": {
      "product_service": "bin/product_service.js"
    },
    "scripts": {
      "build": "tsc",
      "watch": "tsc -w",
      "test": "jest",
      "cdk": "cdk",
      "dev": "cdk synth --profile default && sam local start-api -t hhhhhhcdk.out\ProductServiceStack.template.json"
    },
    "devDependencies": {
      "@types/jest": "^29.5.3",
      "@types/node": "20.4.5",
      "aws-cdk": "2.90.0",
      "jest": "^29.6.2",
      "ts-jest": "^29.1.1",
      "ts-node": "^10.9.1",
      "typescript": "~5.1.6"
    },
    "dependencies": {
      "@types/aws-lambda": "^8.10.119",
      "aws-cdk-lib": "2.90.0",
      "class-validator": "^0.14.0",
      "constructs": "^10.0.0",
      "http-status-codes": "^2.2.0",
      "source-map-support": "^0.5.21"
    }
  }

yarn manifest: 
  No manifest

Lockfile: 
  No lockfile
